#
# A fatal error has been detected by the Java Runtime Environment:
#
#  SIGSEGV (0xb) at pc=0x000000010e33e381, pid=23303, tid=0x0000000000004303
#
# JRE version: Java(TM) SE Runtime Environment (8.0_191-b12) (build 1.8.0_191-b12)
# Java VM: Java HotSpot(TM) 64-Bit Server VM (25.191-b12 mixed mode bsd-amd64 compressed oops)
# Problematic frame:
# V  [libjvm.dylib+0x2b5381]  IndexSetIterator::advance_and_next()+0x9f
#
# Failed to write core dump. Core dumps have been disabled. To enable core dumping, try "ulimit -c unlimited" before starting Java again
#
# If you would like to submit a bug report, please visit:
#   http://bugreport.java.com/bugreport/crash.jsp
#

---------------  T H R E A D  ---------------

Current thread (0x00007fbc34800800):  JavaThread "C2 CompilerThread1" daemon [_thread_in_native, id=17155, stack(0x0000700009dca000,0x0000700009eca000)]

siginfo: si_signo: 11 (SIGSEGV), si_code: 1 (SEGV_MAPERR), si_addr: 0x000040010e979500

Registers:
RAX=0x000040010e979500, RBX=0x0000700009ec66c0, RCX=0x0000000000000000, RDX=0x0000000000000e00
RSP=0x0000700009ec6690, RBP=0x0000700009ec66b0, RSI=0x000000012a0e6b50, RDI=0x0000700009ec66c0
R8 =0x000000000000002b, R9 =0xffffffff00000000, R10=0x000000010e8c7658, R11=0x000000010e8c7660
R12=0x000000010e979500, R13=0x0000700009ec8f80, R14=0x000000000000000e, R15=0x0000000000000e00
RIP=0x000000010e33e381, EFLAGS=0x0000000000010293, ERR=0x0000000000000004
  TRAPNO=0x000000000000000e

Top of Stack: (sp=0x0000700009ec6690)
0x0000700009ec6690:   0000700009ec68d8 0000700009ec68d8
0x0000700009ec66a0:   0000000000002a92 0000700009ec66c0
0x0000700009ec66b0:   0000700009ec6710 000000010e339ebc
0x0000700009ec66c0:   0000000000000000 00007fbc00000008
0x0000700009ec66d0:   000040010e979500 00007fbc00000000
0x0000700009ec66e0:   00007fbc36d61510 0000700000000034
0x0000700009ec66f0:   000000012a0e6b50 0000700009ec74e0
0x0000700009ec6700:   0000700009ec6998 0000700009ec6918
0x0000700009ec6710:   0000700009ec6a20 000000010e1eaa11
0x0000700009ec6720:   0000700009ec67f0 00007fff6ebc68dd
0x0000700009ec6730:   00007fbc34adcd10 00007fbc34adcd10
0x0000700009ec6740:   fd00000070001003 000000000000ffff
0x0000700009ec6750:   0000700009ec6850 000000010e43effa
0x0000700009ec6760:   0000000000000200 00007fbc368899c0
0x0000700009ec6770:   0000000909ec006f 000000010e075a00
0x0000700009ec6780:   00007fbc347e2328 0000000000000003
0x0000700009ec6790:   000000010e06d380 0000000000000000
0x0000700009ec67a0:   0000000000000000 0000000000001e00
0x0000700009ec67b0:   0000000000000000 000000000000dde0
0x0000700009ec67c0:   0000000009ec68d8 0000700009ec6890
0x0000700009ec67d0:   0000000000000000 0000700009ec8f80
0x0000700009ec67e0:   00007fffa712f000 000000000000dde0
0x0000700009ec67f0:   0000700009ec6820 00007fff6ebc6241
0x0000700009ec6800:   000000000000dde0 0000700009ec6890
0x0000700009ec6810:   000000000000000c 000000000000dde0
0x0000700009ec6820:   0000700009ec6840 00007fff6ebc55bf
0x0000700009ec6830:   0000000000000000 0000700009ec6890
0x0000700009ec6840:   0000700009ec6880 000000010e51125a
0x0000700009ec6850:   00007fbc37152000 000000000000dde0
0x0000700009ec6860:   00007fbc36909800 0000700009ec8f80
0x0000700009ec6870:   0000000000000000 000000000000dde0
0x0000700009ec6880:   0000700009ec68d0 000000010e12d8cd 

Instructions: (pc=0x000000010e33e381)
0x000000010e33e361:   e9 b0 d1 ea ff 44 89 f0 48 8b 4b 20 48 8b 04 c1
0x000000010e33e371:   4c 39 e0 74 2d 48 89 43 10 31 c9 44 89 fa eb 0c
0x000000010e33e381:   83 3c 88 00 75 bb 83 c2 20 48 ff c1 83 f9 08 72
0x000000010e33e391:   ef 48 8b 7b 30 48 85 ff 74 08 44 89 f6 e8 c7 fe 

Register to memory mapping:

RAX=0x000040010e979500 is an unknown value
RBX=0x0000700009ec66c0 is pointing into the stack for thread: 0x00007fbc34800800
RCX=0x0000000000000000 is an unknown value
RDX=0x0000000000000e00 is an unknown value
RSP=0x0000700009ec6690 is pointing into the stack for thread: 0x00007fbc34800800
RBP=0x0000700009ec66b0 is pointing into the stack for thread: 0x00007fbc34800800
RSI=0x000000012a0e6b50 is an unknown value
RDI=0x0000700009ec66c0 is pointing into the stack for thread: 0x00007fbc34800800
R8 =0x000000000000002b is an unknown value
R9 =0xffffffff00000000 is an unknown value
R10=0x000000010e8c7658: _ZL8tc_mutex+0x18 in /Library/Java/JavaVirtualMachines/jdk1.8.0_191.jdk/Contents/Home/jre/lib/server/libjvm.dylib at 0x000000010e089000
R11=0x000000010e8c7660: _ZL8tc_mutex+0x20 in /Library/Java/JavaVirtualMachines/jdk1.8.0_191.jdk/Contents/Home/jre/lib/server/libjvm.dylib at 0x000000010e089000
R12=0x000000010e979500: _ZN8IndexSet12_empty_blockE+0 in /Library/Java/JavaVirtualMachines/jdk1.8.0_191.jdk/Contents/Home/jre/lib/server/libjvm.dylib at 0x000000010e089000
R13=0x0000700009ec8f80 is pointing into the stack for thread: 0x00007fbc34800800
R14=0x000000000000000e is an unknown value
R15=0x0000000000000e00 is an unknown value


Stack: [0x0000700009dca000,0x0000700009eca000],  sp=0x0000700009ec6690,  free space=1009k
Native frames: (J=compiled Java code, j=interpreted, Vv=VM code, C=native code)
V  [libjvm.dylib+0x2b5381]  IndexSetIterator::advance_and_next()+0x9f
V  [libjvm.dylib+0x2b0ebc]  PhaseIFG::SquareUp()+0x5a
V  [libjvm.dylib+0x161a11]  PhaseChaitin::Register_Allocate()+0x435
V  [libjvm.dylib+0x1b0730]  Compile::Code_Gen()+0x14e
V  [libjvm.dylib+0x1b492d]  Compile::Compile(ciEnv*, C2Compiler*, ciMethod*, int, bool, bool, bool)+0x98d
V  [libjvm.dylib+0x150e12]  C2Compiler::compile_method(ciEnv*, ciMethod*, int)+0xb2
V  [libjvm.dylib+0x1b7fca]  CompileBroker::invoke_compiler_on_method(CompileTask*)+0x5b2
V  [libjvm.dylib+0x1ba511]  CompileBroker::compiler_thread_loop()+0x291
V  [libjvm.dylib+0x56f83f]  JavaThread::thread_main_inner()+0x9b
V  [libjvm.dylib+0x570f3a]  JavaThread::run()+0x1c2
V  [libjvm.dylib+0x48e0be]  java_start(Thread*)+0xf6
C  [libsystem_pthread.dylib+0x3661]  _pthread_body+0x154
C  [libsystem_pthread.dylib+0x350d]  _pthread_body+0x0
C  [libsystem_pthread.dylib+0x2bf9]  thread_start+0xd
C  0x0000000000000000


Current CompileTask:
C2:   7917 2598       4       java.net.URLClassLoader$1::run (5 bytes)


---------------  P R O C E S S  ---------------

Java Threads: ( => current thread )
  0x00007fbc35a3f800 JavaThread "RMI RenewClean-[192.168.0.17:49184]" daemon [_thread_blocked, id=36867, stack(0x000070000c339000,0x000070000c439000)]
  0x00007fbc3379b800 JavaThread "JMX client heartbeat 3" daemon [_thread_blocked, id=28931, stack(0x000070000c236000,0x000070000c336000)]
  0x00007fbc377f7800 JavaThread "JMX client heartbeat 2" daemon [_thread_blocked, id=28419, stack(0x000070000c133000,0x000070000c233000)]
  0x00007fbc3604f000 JavaThread "RMI RenewClean-[192.168.0.17:50411]" daemon [_thread_blocked, id=27907, stack(0x000070000c030000,0x000070000c130000)]
  0x00007fbc36ff7000 JavaThread "RMI Scheduler(0)" daemon [_thread_blocked, id=37635, stack(0x000070000bf2d000,0x000070000c02d000)]
  0x00007fbc35a3f000 JavaThread "RMI RenewClean-[192.168.0.17:49191]" daemon [_thread_blocked, id=27147, stack(0x000070000bd27000,0x000070000be27000)]
  0x00007fbc36085800 JavaThread "elastic-10" daemon [_thread_blocked, id=27395, stack(0x000070000be2a000,0x000070000bf2a000)]
  0x00007fbc35ad9000 JavaThread "GC Daemon" daemon [_thread_blocked, id=38147, stack(0x000070000bc24000,0x000070000bd24000)]
  0x00007fbc359aa000 JavaThread "RMI RenewClean-[192.168.0.17:50251]" daemon [_thread_blocked, id=26375, stack(0x000070000bb21000,0x000070000bc21000)]
  0x00007fbc3469f800 JavaThread "elastic-9" daemon [_thread_blocked, id=38411, stack(0x000070000ba1e000,0x000070000bb1e000)]
  0x00007fbc3580b000 JavaThread "elastic-8" daemon [_thread_in_vm, id=38915, stack(0x000070000b91b000,0x000070000ba1b000)]
  0x00007fbc34798800 JavaThread "elastic-7" daemon [_thread_in_native, id=25859, stack(0x000070000b818000,0x000070000b918000)]
  0x00007fbc3580a000 JavaThread "ForkJoinPool.commonPool-worker-4" daemon [_thread_blocked, id=25603, stack(0x000070000b715000,0x000070000b815000)]
  0x00007fbc35952000 JavaThread "elastic-6" daemon [_thread_blocked, id=25347, stack(0x000070000b612000,0x000070000b712000)]
  0x00007fbc35951000 JavaThread "ForkJoinPool.commonPool-worker-0" daemon [_thread_blocked, id=25091, stack(0x000070000b50f000,0x000070000b60f000)]
  0x00007fbc33f44800 JavaThread "elastic-5" daemon [_thread_blocked, id=24835, stack(0x000070000b40c000,0x000070000b50c000)]
  0x00007fbc3588e000 JavaThread "parallel-4" daemon [_thread_blocked, id=24323, stack(0x000070000b309000,0x000070000b409000)]
  0x00007fbc337b1800 JavaThread "elastic-4" daemon [_thread_blocked, id=23811, stack(0x000070000b206000,0x000070000b306000)]
  0x00007fbc33f44000 JavaThread "parallel-3" daemon [_thread_blocked, id=23555, stack(0x000070000b103000,0x000070000b203000)]
  0x00007fbc33f1a800 JavaThread "elastic-3" daemon [_thread_in_vm, id=23299, stack(0x000070000b000000,0x000070000b100000)]
  0x00007fbc335c8000 JavaThread "parallel-2" daemon [_thread_blocked, id=41219, stack(0x000070000aefd000,0x000070000affd000)]
  0x00007fbc3466a000 JavaThread "elastic-2" daemon [_thread_blocked, id=41475, stack(0x000070000adfa000,0x000070000aefa000)]
  0x00007fbc33508800 JavaThread "parallel-1" daemon [_thread_blocked, id=22787, stack(0x000070000acf7000,0x000070000adf7000)]
  0x00007fbc33f4f000 JavaThread "ForkJoinPool.commonPool-worker-3" daemon [_thread_blocked, id=42243, stack(0x000070000abf4000,0x000070000acf4000)]
  0x00007fbc360d1000 JavaThread "ForkJoinPool.commonPool-worker-2" daemon [_thread_blocked, id=22531, stack(0x000070000aaf1000,0x000070000abf1000)]
  0x00007fbc34ff7000 JavaThread "Attach Listener" daemon [_thread_blocked, id=42755, stack(0x000070000a9ee000,0x000070000aaee000)]
  0x00007fbc33090000 JavaThread "elastic-evictor-1" daemon [_thread_blocked, id=43267, stack(0x000070000a8eb000,0x000070000a9eb000)]
  0x00007fbc34294800 JavaThread "pool-4-thread-1" [_thread_blocked, id=21763, stack(0x000070000a7e8000,0x000070000a8e8000)]
  0x00007fbc3389d000 JavaThread "pool-2-thread-1" [_thread_blocked, id=15363, stack(0x000070000a6e5000,0x000070000a7e5000)]
  0x00007fbc330fa000 JavaThread "Reconciler-1" daemon [_thread_blocked, id=3079, stack(0x000070000a5e2000,0x000070000a6e2000)]
  0x00007fbc33a35800 JavaThread "Simple-Language-Server main thread" daemon [_thread_in_Java, id=12295, stack(0x000070000a4df000,0x000070000a5df000)]
  0x00007fbc330ee000 JavaThread "pool-3-thread-1" [_thread_in_native, id=15875, stack(0x000070000a3dc000,0x000070000a4dc000)]
  0x00007fbc3338a000 JavaThread "DestroyJavaVM" [_thread_blocked, id=6147, stack(0x0000700009329000,0x0000700009429000)]
  0x00007fbc34534800 JavaThread "LanguageServerApp-lifecycle" [_thread_blocked, id=14595, stack(0x000070000a2d9000,0x000070000a3d9000)]
  0x00007fbc34885000 JavaThread "ForkJoinPool.commonPool-worker-1" daemon [_thread_blocked, id=16395, stack(0x000070000a1d6000,0x000070000a2d6000)]
  0x00007fbc33821800 JavaThread "Service Thread" daemon [_thread_blocked, id=13571, stack(0x0000700009fd0000,0x000070000a0d0000)]
  0x00007fbc34817800 JavaThread "C1 CompilerThread2" daemon [_thread_blocked, id=13315, stack(0x0000700009ecd000,0x0000700009fcd000)]
=>0x00007fbc34800800 JavaThread "C2 CompilerThread1" daemon [_thread_in_native, id=17155, stack(0x0000700009dca000,0x0000700009eca000)]
  0x00007fbc3402a000 JavaThread "C2 CompilerThread0" daemon [_thread_in_native, id=12803, stack(0x0000700009cc7000,0x0000700009dc7000)]
  0x00007fbc34016000 JavaThread "Signal Dispatcher" daemon [_thread_blocked, id=17927, stack(0x0000700009bc4000,0x0000700009cc4000)]
  0x00007fbc3381f800 JavaThread "Finalizer" daemon [_thread_blocked, id=20483, stack(0x0000700009a3e000,0x0000700009b3e000)]
  0x00007fbc33041800 JavaThread "Reference Handler" daemon [_thread_blocked, id=20995, stack(0x000070000993b000,0x0000700009a3b000)]

Other Threads:
  0x00007fbc3381d000 VMThread [stack: 0x0000700009838000,0x0000700009938000] [id=11523]
  0x00007fbc34819000 WatcherThread [stack: 0x000070000a0d3000,0x000070000a1d3000] [id=14083]

VM state:synchronizing (normal execution)

VM Mutex/Monitor currently owned by a thread:  ([mutex/lock_event])
[0x00007fbc32d03120] Safepoint_lock - owner thread: 0x00007fbc3381d000
[0x00007fbc32d031a0] Threads_lock - owner thread: 0x00007fbc3381d000

Heap:
 PSYoungGen      total 70656K, used 66179K [0x0000000795580000, 0x000000079d000000, 0x00000007c0000000)
  eden space 58880K, 95% used [0x0000000795580000,0x0000000798c98e80,0x0000000798f00000)
  from space 11776K, 82% used [0x0000000798f00000,0x0000000799888080,0x0000000799a80000)
  to   space 12800K, 0% used [0x000000079c380000,0x000000079c380000,0x000000079d000000)
 ParOldGen       total 55808K, used 7699K [0x0000000740000000, 0x0000000743680000, 0x0000000795580000)
  object space 55808K, 13% used [0x0000000740000000,0x0000000740784f90,0x0000000743680000)
 Metaspace       used 33130K, capacity 34556K, committed 34608K, reserved 1079296K
  class space    used 4114K, capacity 4400K, committed 4400K, reserved 1048576K

Card table byte_map: [0x000000010fdc0000,0x00000001101c1000] byte_map_base: 0x000000010c3c0000

Marking Bits: (ParMarkBitMap*) 0x000000010e982e00
 Begin Bits: [0x000000011046c000, 0x000000011246c000)
 End Bits:   [0x000000011246c000, 0x000000011446c000)

Polling page: 0x000000010f081000

CodeCache: size=245760Kb used=8149Kb max_used=8149Kb free=237610Kb
 bounds [0x0000000114957000, 0x0000000115157000, 0x0000000123957000]
 total_blobs=2853 nmethods=2425 adapters=341
 compilation: enabled

Compilation events (10 events):
Event: 7.669 Thread 0x00007fbc34817800 nmethod 2732 0x0000000115144ad0 code [0x0000000115144c40, 0x0000000115144e48]
Event: 7.682 Thread 0x00007fbc34817800 2737       2       org.eclipse.jdt.internal.compiler.parser.Scanner::scanIdentifierOrKeyword (196 bytes)
Event: 7.685 Thread 0x00007fbc34817800 nmethod 2737 0x0000000115144ed0 code [0x0000000115145080, 0x0000000115145498]
Event: 7.685 Thread 0x00007fbc34817800 2740   !   2       org.eclipse.jdt.internal.compiler.parser.Scanner::getNextToken0 (3678 bytes)
Event: 7.731 Thread 0x00007fbc34817800 nmethod 2740 0x0000000115145990 code [0x0000000115146200, 0x000000011514a5b8]
Event: 7.731 Thread 0x00007fbc34817800 2742       2       javax.management.remote.rmi.RMIConnector::base64toInt (53 bytes)
Event: 7.736 Thread 0x00007fbc34817800 nmethod 2742 0x0000000115150490 code [0x0000000115150660, 0x0000000115150c48]
Event: 7.737 Thread 0x00007fbc34817800 2736       2       org.eclipse.jdt.internal.compiler.parser.Scanner::areRestrictedModuleKeywordsActive (21 bytes)
Event: 7.737 Thread 0x00007fbc34817800 nmethod 2736 0x00000001151510d0 code [0x0000000115151240, 0x00000001151513d0]
Event: 7.738 Thread 0x00007fbc34817800 2738       2       org.eclipse.jdt.internal.compiler.parser.Parser::consumeToken (2061 bytes)

GC Heap History (10 events):
Event: 4.833 GC heap before
{Heap before GC invocations=4 (full 0):
 PSYoungGen      total 38400K, used 38387K [0x0000000795580000, 0x0000000798000000, 0x00000007c0000000)
  eden space 33280K, 100% used [0x0000000795580000,0x0000000797600000,0x0000000797600000)
  from space 5120K, 99% used [0x0000000797600000,0x0000000797afcf38,0x0000000797b00000)
  to   space 5120K, 0% used [0x0000000797b00000,0x0000000797b00000,0x0000000798000000)
 ParOldGen       total 87552K, used 2929K [0x0000000740000000, 0x0000000745580000, 0x0000000795580000)
  object space 87552K, 3% used [0x0000000740000000,0x00000007402dc6b8,0x0000000745580000)
 Metaspace       used 20025K, capacity 20850K, committed 20992K, reserved 1067008K
  class space    used 2574K, capacity 2763K, committed 2816K, reserved 1048576K
Event: 4.849 GC heap after
Heap after GC invocations=4 (full 0):
 PSYoungGen      total 38400K, used 5115K [0x0000000795580000, 0x000000079a080000, 0x00000007c0000000)
  eden space 33280K, 0% used [0x0000000795580000,0x0000000795580000,0x0000000797600000)
  from space 5120K, 99% used [0x0000000797b00000,0x0000000797ffee00,0x0000000798000000)
  to   space 5120K, 0% used [0x0000000797600000,0x0000000797600000,0x0000000797b00000)
 ParOldGen       total 87552K, used 9844K [0x0000000740000000, 0x0000000745580000, 0x0000000795580000)
  object space 87552K, 11% used [0x0000000740000000,0x000000074099d150,0x0000000745580000)
 Metaspace       used 20025K, capacity 20850K, committed 20992K, reserved 1067008K
  class space    used 2574K, capacity 2763K, committed 2816K, reserved 1048576K
}
Event: 4.937 GC heap before
{Heap before GC invocations=5 (full 0):
 PSYoungGen      total 38400K, used 9408K [0x0000000795580000, 0x000000079a080000, 0x00000007c0000000)
  eden space 33280K, 12% used [0x0000000795580000,0x00000007959b1250,0x0000000797600000)
  from space 5120K, 99% used [0x0000000797b00000,0x0000000797ffee00,0x0000000798000000)
  to   space 5120K, 0% used [0x0000000797600000,0x0000000797600000,0x0000000797b00000)
 ParOldGen       total 87552K, used 9844K [0x0000000740000000, 0x0000000745580000, 0x0000000795580000)
  object space 87552K, 11% used [0x0000000740000000,0x000000074099d150,0x0000000745580000)
 Metaspace       used 20405K, capacity 21264K, committed 21296K, reserved 1067008K
  class space    used 2620K, capacity 2832K, committed 2864K, reserved 1048576K
Event: 4.944 GC heap after
Heap after GC invocations=5 (full 0):
 PSYoungGen      total 38400K, used 5099K [0x0000000795580000, 0x000000079ad80000, 0x00000007c0000000)
  eden space 33280K, 0% used [0x0000000795580000,0x0000000795580000,0x0000000797600000)
  from space 5120K, 99% used [0x0000000797600000,0x0000000797afae30,0x0000000797b00000)
  to   space 11776K, 0% used [0x000000079a200000,0x000000079a200000,0x000000079ad80000)
 ParOldGen       total 87552K, used 10264K [0x0000000740000000, 0x0000000745580000, 0x0000000795580000)
  object space 87552K, 11% used [0x0000000740000000,0x0000000740a06200,0x0000000745580000)
 Metaspace       used 20405K, capacity 21264K, committed 21296K, reserved 1067008K
  class space    used 2620K, capacity 2832K, committed 2864K, reserved 1048576K
}
Event: 4.945 GC heap before
{Heap before GC invocations=6 (full 1):
 PSYoungGen      total 38400K, used 5099K [0x0000000795580000, 0x000000079ad80000, 0x00000007c0000000)
  eden space 33280K, 0% used [0x0000000795580000,0x0000000795580000,0x0000000797600000)
  from space 5120K, 99% used [0x0000000797600000,0x0000000797afae30,0x0000000797b00000)
  to   space 11776K, 0% used [0x000000079a200000,0x000000079a200000,0x000000079ad80000)
 ParOldGen       total 87552K, used 10264K [0x0000000740000000, 0x0000000745580000, 0x0000000795580000)
  object space 87552K, 11% used [0x0000000740000000,0x0000000740a06200,0x0000000745580000)
 Metaspace       used 20405K, capacity 21264K, committed 21296K, reserved 1067008K
  class space    used 2620K, capacity 2832K, committed 2864K, reserved 1048576K
Event: 4.987 GC heap after
Heap after GC invocations=6 (full 1):
 PSYoungGen      total 38400K, used 0K [0x0000000795580000, 0x000000079ad80000, 0x00000007c0000000)
  eden space 33280K, 0% used [0x0000000795580000,0x0000000795580000,0x0000000797600000)
  from space 5120K, 0% used [0x0000000797600000,0x0000000797600000,0x0000000797b00000)
  to   space 11776K, 0% used [0x000000079a200000,0x000000079a200000,0x000000079ad80000)
 ParOldGen       total 55808K, used 7683K [0x0000000740000000, 0x0000000743680000, 0x0000000795580000)
  object space 55808K, 13% used [0x0000000740000000,0x0000000740780f90,0x0000000743680000)
 Metaspace       used 20404K, capacity 21258K, committed 21296K, reserved 1067008K
  class space    used 2619K, capacity 2831K, committed 2864K, reserved 1048576K
}
Event: 5.796 GC heap before
{Heap before GC invocations=7 (full 1):
 PSYoungGen      total 38400K, used 33280K [0x0000000795580000, 0x000000079ad80000, 0x00000007c0000000)
  eden space 33280K, 100% used [0x0000000795580000,0x0000000797600000,0x0000000797600000)
  from space 5120K, 0% used [0x0000000797600000,0x0000000797600000,0x0000000797b00000)
  to   space 11776K, 0% used [0x000000079a200000,0x000000079a200000,0x000000079ad80000)
 ParOldGen       total 55808K, used 7683K [0x0000000740000000, 0x0000000743680000, 0x0000000795580000)
  object space 55808K, 13% used [0x0000000740000000,0x0000000740780f90,0x0000000743680000)
 Metaspace       used 23934K, capacity 25168K, committed 25520K, reserved 1071104K
  class space    used 3137K, capacity 3382K, committed 3504K, reserved 1048576K
Event: 5.806 GC heap after
Heap after GC invocations=7 (full 1):
 PSYoungGen      total 61952K, used 3921K [0x0000000795580000, 0x000000079a600000, 0x00000007c0000000)
  eden space 57856K, 0% used [0x0000000795580000,0x0000000795580000,0x0000000798e00000)
  from space 4096K, 95% used [0x000000079a200000,0x000000079a5d4500,0x000000079a600000)
  to   space 11776K, 0% used [0x0000000798f00000,0x0000000798f00000,0x0000000799a80000)
 ParOldGen       total 55808K, used 7691K [0x0000000740000000, 0x0000000743680000, 0x0000000795580000)
  object space 55808K, 13% used [0x0000000740000000,0x0000000740782f90,0x0000000743680000)
 Metaspace       used 23934K, capacity 25168K, committed 25520K, reserved 1071104K
  class space    used 3137K, capacity 3382K, committed 3504K, reserved 1048576K
}
Event: 6.546 GC heap before
{Heap before GC invocations=8 (full 1):
 PSYoungGen      total 61952K, used 61777K [0x0000000795580000, 0x000000079a600000, 0x00000007c0000000)
  eden space 57856K, 100% used [0x0000000795580000,0x0000000798e00000,0x0000000798e00000)
  from space 4096K, 95% used [0x000000079a200000,0x000000079a5d4500,0x000000079a600000)
  to   space 11776K, 0% used [0x0000000798f00000,0x0000000798f00000,0x0000000799a80000)
 ParOldGen       total 55808K, used 7691K [0x0000000740000000, 0x0000000743680000, 0x0000000795580000)
  object space 55808K, 13% used [0x0000000740000000,0x0000000740782f90,0x0000000743680000)
 Metaspace       used 27872K, capacity 29180K, committed 29488K, reserved 1075200K
  class space    used 3587K, capacity 3868K, committed 3888K, reserved 1048576K
Event: 6.558 GC heap after
Heap after GC invocations=8 (full 1):
 PSYoungGen      total 70656K, used 9760K [0x0000000795580000, 0x000000079d000000, 0x00000007c0000000)
  eden space 58880K, 0% used [0x0000000795580000,0x0000000795580000,0x0000000798f00000)
  from space 11776K, 82% used [0x0000000798f00000,0x0000000799888080,0x0000000799a80000)
  to   space 12800K, 0% used [0x000000079c380000,0x000000079c380000,0x000000079d000000)
 ParOldGen       total 55808K, used 7699K [0x0000000740000000, 0x0000000743680000, 0x0000000795580000)
  object space 55808K, 13% used [0x0000000740000000,0x0000000740784f90,0x0000000743680000)
 Metaspace       used 27872K, capacity 29180K, committed 29488K, reserved 1075200K
  class space    used 3587K, capacity 3868K, committed 3888K, reserved 1048576K
}

Deoptimization events (10 events):
Event: 7.597 Thread 0x00007fbc337b1800 Uncommon trap: reason=class_check action=maybe_recompile pc=0x0000000114e61be8 method=java.io.DataOutputStream.write(I)V @ 5
Event: 7.597 Thread 0x00007fbc337b1800 Uncommon trap: reason=class_check action=maybe_recompile pc=0x0000000114d86860 method=java.io.DataOutputStream.write(I)V @ 5
Event: 7.597 Thread 0x00007fbc33f1a800 Uncommon trap: reason=class_check action=maybe_recompile pc=0x0000000114e61be8 method=java.io.DataOutputStream.write(I)V @ 5
Event: 7.597 Thread 0x00007fbc33f1a800 Uncommon trap: reason=bimorphic action=maybe_recompile pc=0x0000000114e519d8 method=java.io.DataOutputStream.writeByte(I)V @ 5
Event: 7.597 Thread 0x00007fbc337b1800 Uncommon trap: reason=bimorphic action=maybe_recompile pc=0x0000000114e519d8 method=java.io.DataOutputStream.writeByte(I)V @ 5
Event: 7.604 Thread 0x00007fbc33f1a800 Uncommon trap: reason=bimorphic action=maybe_recompile pc=0x0000000114d8d2a4 method=java.io.DataOutputStream.write([BII)V @ 7
Event: 7.660 Thread 0x00007fbc33f1a800 Uncommon trap: reason=bimorphic action=maybe_recompile pc=0x0000000114d8d2a4 method=java.io.DataOutputStream.write([BII)V @ 7
Event: 7.683 Thread 0x00007fbc33f1a800 Uncommon trap: reason=bimorphic action=maybe_recompile pc=0x0000000114e519d8 method=java.io.DataOutputStream.writeByte(I)V @ 5
Event: 7.711 Thread 0x00007fbc35952000 Uncommon trap: reason=bimorphic action=maybe_recompile pc=0x0000000114e519d8 method=java.io.DataOutputStream.writeByte(I)V @ 5
Event: 7.718 Thread 0x00007fbc35952000 Uncommon trap: reason=bimorphic action=maybe_recompile pc=0x0000000114d8d2a4 method=java.io.DataOutputStream.write([BII)V @ 7

Classes redefined (0 events):
No events

Internal exceptions (10 events):
Event: 6.194 Thread 0x00007fbc34294800 Implicit null exception at 0x0000000114b4a674 to 0x0000000114b4aa79
Event: 7.214 Thread 0x00007fbc33a35800 Exception <a 'java/lang/ArrayIndexOutOfBoundsException': 8074> (0x000000079798dda0) thrown at [/Users/java_re/workspace/8-2-build-macosx-x86_64/jdk8u191/11896/hotspot/src/share/vm/interpreter/interpreterRuntime.cpp, line 366]
Event: 7.218 Thread 0x00007fbc34885000 Exception <a 'java/lang/NoSuchMethodError': java.lang.Object.from(Ljava/lang/Object;)Lreactor/core/Scannable;> (0x0000000795a8e0e8) thrown at [/Users/java_re/workspace/8-2-build-macosx-x86_64/jdk8u191/11896/hotspot/src/share/vm/interpreter/linkResolver.cp
Event: 7.222 Thread 0x00007fbc34885000 Exception <a 'java/lang/NoSuchMethodError': java.lang.Object.lambda$name$0(Lreactor/core/Scannable;)Ljava/lang/String;> (0x0000000795aa7c38) thrown at [/Users/java_re/workspace/8-2-build-macosx-x86_64/jdk8u191/11896/hotspot/src/share/vm/interpreter/linkRe
Event: 7.427 Thread 0x00007fbc33a35800 Exception <a 'java/lang/IncompatibleClassChangeError': Found class java.lang.Object, but interface was expected> (0x0000000797fbf398) thrown at [/Users/java_re/workspace/8-2-build-macosx-x86_64/jdk8u191/11896/hotspot/src/share/vm/interpreter/linkResolver.
Event: 7.609 Thread 0x00007fbc33f1a800 Exception <a 'java/lang/NoSuchMethodError': <clinit>> (0x0000000797f5d730) thrown at [/Users/java_re/workspace/8-2-build-macosx-x86_64/jdk8u191/11896/hotspot/src/share/vm/prims/jni.cpp, line 1613]
Event: 7.620 Thread 0x00007fbc33f1a800 Exception <a 'java/lang/NoSuchMethodError': <clinit>> (0x0000000798386600) thrown at [/Users/java_re/workspace/8-2-build-macosx-x86_64/jdk8u191/11896/hotspot/src/share/vm/prims/jni.cpp, line 1613]
Event: 7.658 Thread 0x00007fbc359aa000 Exception <a 'java/lang/InterruptedException'> (0x0000000798873f78) thrown at [/Users/java_re/workspace/8-2-build-macosx-x86_64/jdk8u191/11896/hotspot/src/share/vm/runtime/objectMonitor.cpp, line 1684]
Event: 7.682 Thread 0x00007fbc3389d000 Exception <a 'java/lang/ArrayIndexOutOfBoundsException': 408> (0x0000000798b354b0) thrown at [/Users/java_re/workspace/8-2-build-macosx-x86_64/jdk8u191/11896/hotspot/src/share/vm/interpreter/interpreterRuntime.cpp, line 366]
Event: 7.762 Thread 0x00007fbc3604f000 Exception <a 'java/lang/InterruptedException'> (0x0000000798bf9c00) thrown at [/Users/java_re/workspace/8-2-build-macosx-x86_64/jdk8u191/11896/hotspot/src/share/vm/runtime/objectMonitor.cpp, line 1684]

Events (10 events):
Event: 7.742 Executing VM operation: BulkRevokeBias done
Event: 7.750 Executing VM operation: RevokeBias
Event: 7.761 Executing VM operation: RevokeBias done
Event: 7.762 Executing VM operation: RevokeBias
Event: 7.762 Executing VM operation: RevokeBias done
Event: 7.762 Executing VM operation: RevokeBias
Event: 7.762 Executing VM operation: RevokeBias done
Event: 7.762 Executing VM operation: RevokeBias
Event: 7.763 Executing VM operation: RevokeBias done
Event: 7.787 Thread 0x00007fbc3379b800 Thread added: 0x00007fbc3379b800


Dynamic libraries:
0x00007fff46216000 	/System/Library/Frameworks/Cocoa.framework/Versions/A/Cocoa
0x00007fff5285a000 	/System/Library/Frameworks/Security.framework/Versions/A/Security
0x00007fff44e57000 	/System/Library/Frameworks/ApplicationServices.framework/Versions/A/ApplicationServices
0x00007fff6e805000 	/usr/lib/libz.1.dylib
0x00007fff6c6b7000 	/usr/lib/libSystem.B.dylib
0x00007fff6ddf2000 	/usr/lib/libobjc.A.dylib
0x00007fff469d7000 	/System/Library/Frameworks/CoreFoundation.framework/Versions/A/CoreFoundation
0x00007fff48b50000 	/System/Library/Frameworks/Foundation.framework/Versions/C/Foundation
0x00007fff43fa7000 	/System/Library/Frameworks/AppKit.framework/Versions/C/AppKit
0x00007fff4658e000 	/System/Library/Frameworks/CoreData.framework/Versions/A/CoreData
0x00007fff65f70000 	/System/Library/PrivateFrameworks/RemoteViewServices.framework/Versions/A/RemoteViewServices
0x00007fff6a6e9000 	/System/Library/PrivateFrameworks/UIFoundation.framework/Versions/A/UIFoundation
0x00007fff5ad70000 	/System/Library/PrivateFrameworks/DFRFoundation.framework/Versions/A/DFRFoundation
0x00007fff4b1bf000 	/System/Library/Frameworks/Metal.framework/Versions/A/Metal
0x00007fff5af0d000 	/System/Library/PrivateFrameworks/DesktopServicesPriv.framework/Versions/A/DesktopServicesPriv
0x00007fff6d33f000 	/usr/lib/libenergytrace.dylib
0x00007fff68755000 	/System/Library/PrivateFrameworks/SkyLight.framework/Versions/A/SkyLight
0x00007fff46e73000 	/System/Library/Frameworks/CoreGraphics.framework/Versions/A/CoreGraphics
0x00007fff6c6b2000 	/usr/lib/libScreenReader.dylib
0x00007fff42cb9000 	/System/Library/Frameworks/Accelerate.framework/Versions/A/Accelerate
0x00007fff492ca000 	/System/Library/Frameworks/IOSurface.framework/Versions/A/IOSurface
0x00007fff453a1000 	/System/Library/Frameworks/AudioToolbox.framework/Versions/A/AudioToolbox
0x00007fff45631000 	/System/Library/Frameworks/AudioUnit.framework/Versions/A/AudioUnit
0x00007fff5ae08000 	/System/Library/PrivateFrameworks/DataDetectorsCore.framework/Versions/A/DataDetectorsCore
0x00007fff45d09000 	/System/Library/Frameworks/Carbon.framework/Versions/A/Frameworks/HIToolbox.framework/Versions/A/HIToolbox
0x00007fff6d499000 	/usr/lib/libicucore.A.dylib
0x00007fff51dd7000 	/System/Library/Frameworks/QuartzCore.framework/Versions/A/QuartzCore
0x00007fff679f7000 	/System/Library/PrivateFrameworks/SignpostNotification.framework/Versions/A/SignpostNotification
0x00007fff460ef000 	/System/Library/Frameworks/Carbon.framework/Versions/A/Frameworks/SpeechRecognition.framework/Versions/A/SpeechRecognition
0x00007fff6c895000 	/usr/lib/libauto.dylib
0x00007fff6e6f4000 	/usr/lib/libxml2.2.dylib
0x00007fff5a9c0000 	/System/Library/PrivateFrameworks/CoreUI.framework/Versions/A/CoreUI
0x00007fff4646a000 	/System/Library/Frameworks/CoreAudio.framework/Versions/A/CoreAudio
0x00007fff4898a000 	/System/Library/Frameworks/DiskArbitration.framework/Versions/A/DiskArbitration
0x00007fff6d70d000 	/usr/lib/liblangid.dylib
0x00007fff62477000 	/System/Library/PrivateFrameworks/MultitouchSupport.framework/Versions/A/MultitouchSupport
0x00007fff4922d000 	/System/Library/Frameworks/IOKit.framework/Versions/A/IOKit
0x00007fff6c341000 	/usr/lib/libDiagnosticMessagesClient.dylib
0x00007fff47b67000 	/System/Library/Frameworks/CoreServices.framework/Versions/A/CoreServices
0x00007fff63fac000 	/System/Library/PrivateFrameworks/PerformanceAnalysis.framework/Versions/A/PerformanceAnalysis
0x00007fff50f79000 	/System/Library/Frameworks/OpenGL.framework/Versions/A/OpenGL
0x00007fff46224000 	/System/Library/Frameworks/ColorSync.framework/Versions/A/ColorSync
0x00007fff474a3000 	/System/Library/Frameworks/CoreImage.framework/Versions/A/CoreImage
0x00007fff484f8000 	/System/Library/Frameworks/CoreText.framework/Versions/A/CoreText
0x00007fff49328000 	/System/Library/Frameworks/ImageIO.framework/Versions/A/ImageIO
0x00007fff5766c000 	/System/Library/PrivateFrameworks/Backup.framework/Versions/A/Backup
0x00007fff6c763000 	/usr/lib/libarchive.2.dylib
0x00007fff45954000 	/System/Library/Frameworks/CFNetwork.framework/Versions/A/CFNetwork
0x00007fff52fed000 	/System/Library/Frameworks/SystemConfiguration.framework/Versions/A/SystemConfiguration
0x00007fff6c26a000 	/usr/lib/libCRFSuite.dylib
0x00007fff6c96e000 	/usr/lib/libc++.1.dylib
0x00007fff6c9c5000 	/usr/lib/libc++abi.dylib
0x00007fff6e8b3000 	/usr/lib/system/libcache.dylib
0x00007fff6e8b8000 	/usr/lib/system/libcommonCrypto.dylib
0x00007fff6e8c3000 	/usr/lib/system/libcompiler_rt.dylib
0x00007fff6e8cb000 	/usr/lib/system/libcopyfile.dylib
0x00007fff6e8d5000 	/usr/lib/system/libcorecrypto.dylib
0x00007fff6e9e2000 	/usr/lib/system/libdispatch.dylib
0x00007fff6ea1c000 	/usr/lib/system/libdyld.dylib
0x00007fff6ea3a000 	/usr/lib/system/libkeymgr.dylib
0x00007fff6ea48000 	/usr/lib/system/liblaunch.dylib
0x00007fff6ea49000 	/usr/lib/system/libmacho.dylib
0x00007fff6ea4e000 	/usr/lib/system/libquarantine.dylib
0x00007fff6ea51000 	/usr/lib/system/libremovefile.dylib
0x00007fff6ea53000 	/usr/lib/system/libsystem_asl.dylib
0x00007fff6ea6b000 	/usr/lib/system/libsystem_blocks.dylib
0x00007fff6ea6c000 	/usr/lib/system/libsystem_c.dylib
0x00007fff6eaf6000 	/usr/lib/system/libsystem_configuration.dylib
0x00007fff6eafa000 	/usr/lib/system/libsystem_coreservices.dylib
0x00007fff6eafe000 	/usr/lib/system/libsystem_darwin.dylib
0x00007fff6eb00000 	/usr/lib/system/libsystem_dnssd.dylib
0x00007fff6eb07000 	/usr/lib/system/libsystem_info.dylib
0x00007fff6eb78000 	/usr/lib/system/libsystem_m.dylib
0x00007fff6ebc4000 	/usr/lib/system/libsystem_malloc.dylib
0x00007fff6ebe4000 	/usr/lib/system/libsystem_network.dylib
0x00007fff6ed15000 	/usr/lib/system/libsystem_networkextension.dylib
0x00007fff6ed20000 	/usr/lib/system/libsystem_notify.dylib
0x00007fff6ed3e000 	/usr/lib/system/libsystem_sandbox.dylib
0x00007fff6ed42000 	/usr/lib/system/libsystem_secinit.dylib
0x00007fff6eb51000 	/usr/lib/system/libsystem_kernel.dylib
0x00007fff6ed2a000 	/usr/lib/system/libsystem_platform.dylib
0x00007fff6ed32000 	/usr/lib/system/libsystem_pthread.dylib
0x00007fff6ed44000 	/usr/lib/system/libsystem_symptoms.dylib
0x00007fff6ed4c000 	/usr/lib/system/libsystem_trace.dylib
0x00007fff6ed61000 	/usr/lib/system/libunwind.dylib
0x00007fff6ed67000 	/usr/lib/system/libxpc.dylib
0x00007fff6c17d000 	/usr/lib/closure/libclosured.dylib
0x00007fff6c94f000 	/usr/lib/libbsm.0.dylib
0x00007fff6ea3b000 	/usr/lib/system/libkxld.dylib
0x00007fff6c57b000 	/usr/lib/libOpenScriptingUtil.dylib
0x00007fff6ccbe000 	/usr/lib/libcoretls.dylib
0x00007fff6ccd7000 	/usr/lib/libcoretls_cfhelpers.dylib
0x00007fff6e1f6000 	/usr/lib/libpam.2.dylib
0x00007fff6e31d000 	/usr/lib/libsqlite3.dylib
0x00007fff6e6e3000 	/usr/lib/libxar.1.dylib
0x00007fff6c960000 	/usr/lib/libbz2.1.0.dylib
0x00007fff6d70f000 	/usr/lib/liblzma.5.dylib
0x00007fff6dbf0000 	/usr/lib/libnetwork.dylib
0x00007fff6c74c000 	/usr/lib/libapple_nghttp2.dylib
0x00007fff6e1fd000 	/usr/lib/libpcap.A.dylib
0x00007fff6c896000 	/usr/lib/libboringssl.dylib
0x00007fff6e67e000 	/usr/lib/libusrtcp.dylib
0x00007fff6c74b000 	/usr/lib/libapple_crypto.dylib
0x00007fff47eea000 	/System/Library/Frameworks/CoreServices.framework/Versions/A/Frameworks/FSEvents.framework/Versions/A/FSEvents
0x00007fff47bdd000 	/System/Library/Frameworks/CoreServices.framework/Versions/A/Frameworks/CarbonCore.framework/Versions/A/CarbonCore
0x00007fff480b2000 	/System/Library/Frameworks/CoreServices.framework/Versions/A/Frameworks/Metadata.framework/Versions/A/Metadata
0x00007fff48163000 	/System/Library/Frameworks/CoreServices.framework/Versions/A/Frameworks/OSServices.framework/Versions/A/OSServices
0x00007fff481c4000 	/System/Library/Frameworks/CoreServices.framework/Versions/A/Frameworks/SearchKit.framework/Versions/A/SearchKit
0x00007fff47b68000 	/System/Library/Frameworks/CoreServices.framework/Versions/A/Frameworks/AE.framework/Versions/A/AE
0x00007fff47ef3000 	/System/Library/Frameworks/CoreServices.framework/Versions/A/Frameworks/LaunchServices.framework/Versions/A/LaunchServices
0x00007fff47eb5000 	/System/Library/Frameworks/CoreServices.framework/Versions/A/Frameworks/DictionaryServices.framework/Versions/A/DictionaryServices
0x00007fff48233000 	/System/Library/Frameworks/CoreServices.framework/Versions/A/Frameworks/SharedFileList.framework/Versions/A/SharedFileList
0x00007fff4c3f5000 	/System/Library/Frameworks/NetFS.framework/Versions/A/NetFS
0x00007fff62708000 	/System/Library/PrivateFrameworks/NetAuth.framework/Versions/A/NetAuth
0x00007fff6c014000 	/System/Library/PrivateFrameworks/login.framework/Versions/A/Frameworks/loginsupport.framework/Versions/A/loginsupport
0x00007fff6a366000 	/System/Library/PrivateFrameworks/TCC.framework/Versions/A/TCC
0x00007fff6d7f0000 	/usr/lib/libmecabra.dylib
0x00007fff44e58000 	/System/Library/Frameworks/ApplicationServices.framework/Versions/A/Frameworks/ATS.framework/Versions/A/ATS
0x00007fff45206000 	/System/Library/Frameworks/ApplicationServices.framework/Versions/A/Frameworks/ColorSyncLegacy.framework/Versions/A/ColorSyncLegacy
0x00007fff452aa000 	/System/Library/Frameworks/ApplicationServices.framework/Versions/A/Frameworks/HIServices.framework/Versions/A/HIServices
0x00007fff452fd000 	/System/Library/Frameworks/ApplicationServices.framework/Versions/A/Frameworks/LangAnalysis.framework/Versions/A/LangAnalysis
0x00007fff4530c000 	/System/Library/Frameworks/ApplicationServices.framework/Versions/A/Frameworks/PrintCore.framework/Versions/A/PrintCore
0x00007fff45359000 	/System/Library/Frameworks/ApplicationServices.framework/Versions/A/Frameworks/QD.framework/Versions/A/QD
0x00007fff45394000 	/System/Library/Frameworks/ApplicationServices.framework/Versions/A/Frameworks/SpeechSynthesis.framework/Versions/A/SpeechSynthesis
0x00007fff468f3000 	/System/Library/Frameworks/CoreDisplay.framework/Versions/A/CoreDisplay
0x00007fff42cd2000 	/System/Library/Frameworks/Accelerate.framework/Versions/A/Frameworks/vImage.framework/Versions/A/vImage
0x00007fff43cb3000 	/System/Library/Frameworks/Accelerate.framework/Versions/A/Frameworks/vecLib.framework/Versions/A/vecLib
0x00007fff43a88000 	/System/Library/Frameworks/Accelerate.framework/Versions/A/Frameworks/vecLib.framework/Versions/A/libvDSP.dylib
0x00007fff435c2000 	/System/Library/Frameworks/Accelerate.framework/Versions/A/Frameworks/vecLib.framework/Versions/A/libBNNS.dylib
0x00007fff439ee000 	/System/Library/Frameworks/Accelerate.framework/Versions/A/Frameworks/vecLib.framework/Versions/A/libQuadrature.dylib
0x00007fff43bfc000 	/System/Library/Frameworks/Accelerate.framework/Versions/A/Frameworks/vecLib.framework/Versions/A/libvMisc.dylib
0x00007fff435fd000 	/System/Library/Frameworks/Accelerate.framework/Versions/A/Frameworks/vecLib.framework/Versions/A/libLAPACK.dylib
0x00007fff43421000 	/System/Library/Frameworks/Accelerate.framework/Versions/A/Frameworks/vecLib.framework/Versions/A/libBLAS.dylib
0x00007fff439d7000 	/System/Library/Frameworks/Accelerate.framework/Versions/A/Frameworks/vecLib.framework/Versions/A/libLinearAlgebra.dylib
0x00007fff439f4000 	/System/Library/Frameworks/Accelerate.framework/Versions/A/Frameworks/vecLib.framework/Versions/A/libSparse.dylib
0x00007fff43a75000 	/System/Library/Frameworks/Accelerate.framework/Versions/A/Frameworks/vecLib.framework/Versions/A/libSparseBLAS.dylib
0x00007fff5f547000 	/System/Library/PrivateFrameworks/GPUWrangler.framework/Versions/A/GPUWrangler
0x00007fff60cd8000 	/System/Library/PrivateFrameworks/IOAccelerator.framework/Versions/A/IOAccelerator
0x00007fff60ce3000 	/System/Library/PrivateFrameworks/IOPresentment.framework/Versions/A/IOPresentment
0x00007fff5ad82000 	/System/Library/PrivateFrameworks/DSExternalDisplay.framework/Versions/A/DSExternalDisplay
0x00007fff503f8000 	/System/Library/Frameworks/OpenGL.framework/Versions/A/Libraries/libCoreFSCache.dylib
0x00007fff48649000 	/System/Library/Frameworks/CoreVideo.framework/Versions/A/CoreVideo
0x00007fff602c2000 	/System/Library/PrivateFrameworks/GraphVisualizer.framework/Versions/A/GraphVisualizer
0x00007fff4b3f6000 	/System/Library/Frameworks/MetalPerformanceShaders.framework/Versions/A/MetalPerformanceShaders
0x00007fff6c379000 	/usr/lib/libFosl_dynamic.dylib
0x00007fff5be51000 	/System/Library/PrivateFrameworks/FaceCore.framework/Versions/A/FaceCore
0x00007fff4f1f3000 	/System/Library/Frameworks/OpenCL.framework/Versions/A/OpenCL
0x00007fff6c9fc000 	/usr/lib/libcompression.dylib
0x00007fff44f57000 	/System/Library/Frameworks/ApplicationServices.framework/Versions/A/Frameworks/ATS.framework/Versions/A/Resources/libFontParser.dylib
0x00007fff4507a000 	/System/Library/Frameworks/ApplicationServices.framework/Versions/A/Frameworks/ATS.framework/Versions/A/Resources/libFontRegistry.dylib
0x00007fff49593000 	/System/Library/Frameworks/ImageIO.framework/Versions/A/Resources/libJPEG.dylib
0x00007fff498bd000 	/System/Library/Frameworks/ImageIO.framework/Versions/A/Resources/libTIFF.dylib
0x00007fff49893000 	/System/Library/Frameworks/ImageIO.framework/Versions/A/Resources/libPng.dylib
0x00007fff494a6000 	/System/Library/Frameworks/ImageIO.framework/Versions/A/Resources/libGIF.dylib
0x00007fff494ab000 	/System/Library/Frameworks/ImageIO.framework/Versions/A/Resources/libJP2.dylib
0x00007fff498ba000 	/System/Library/Frameworks/ImageIO.framework/Versions/A/Resources/libRadiance.dylib
0x00007fff56d96000 	/System/Library/PrivateFrameworks/AppleJPEG.framework/Versions/A/AppleJPEG
0x00007fff4b25d000 	/System/Library/Frameworks/MetalPerformanceShaders.framework/Frameworks/MPSCore.framework/Versions/A/MPSCore
0x00007fff4b279000 	/System/Library/Frameworks/MetalPerformanceShaders.framework/Frameworks/MPSImage.framework/Versions/A/MPSImage
0x00007fff4b30e000 	/System/Library/Frameworks/MetalPerformanceShaders.framework/Frameworks/MPSNeuralNetwork.framework/Versions/A/MPSNeuralNetwork
0x00007fff4b2e9000 	/System/Library/Frameworks/MetalPerformanceShaders.framework/Frameworks/MPSMatrix.framework/Versions/A/MPSMatrix
0x00007fff621d9000 	/System/Library/PrivateFrameworks/MetalTools.framework/Versions/A/MetalTools
0x00007fff505c3000 	/System/Library/Frameworks/OpenGL.framework/Versions/A/Libraries/libGLU.dylib
0x00007fff50403000 	/System/Library/Frameworks/OpenGL.framework/Versions/A/Libraries/libGFXShared.dylib
0x00007fff5040d000 	/System/Library/Frameworks/OpenGL.framework/Versions/A/Libraries/libGL.dylib
0x00007fff50419000 	/System/Library/Frameworks/OpenGL.framework/Versions/A/Libraries/libGLImage.dylib
0x00007fff503f5000 	/System/Library/Frameworks/OpenGL.framework/Versions/A/Libraries/libCVMSPluginSupport.dylib
0x00007fff503fe000 	/System/Library/Frameworks/OpenGL.framework/Versions/A/Libraries/libCoreVMClient.dylib
0x00007fff6d1a9000 	/usr/lib/libcups.2.dylib
0x00007fff4a7c4000 	/System/Library/Frameworks/Kerberos.framework/Versions/A/Kerberos
0x00007fff48f87000 	/System/Library/Frameworks/GSS.framework/Versions/A/GSS
0x00007fff6e2b0000 	/usr/lib/libresolv.9.dylib
0x00007fff6d3a7000 	/usr/lib/libiconv.2.dylib
0x00007fff60354000 	/System/Library/PrivateFrameworks/Heimdal.framework/Versions/A/Heimdal
0x00007fff6d376000 	/usr/lib/libheimdal-asn1.dylib
0x00007fff4f26b000 	/System/Library/Frameworks/OpenDirectory.framework/Versions/A/OpenDirectory
0x00007fff590ad000 	/System/Library/PrivateFrameworks/CommonAuth.framework/Versions/A/CommonAuth
0x00007fff4f24e000 	/System/Library/Frameworks/OpenDirectory.framework/Versions/A/Frameworks/CFOpenDirectory.framework/Versions/A/CFOpenDirectory
0x00007fff52b86000 	/System/Library/Frameworks/SecurityFoundation.framework/Versions/A/SecurityFoundation
0x00007fff55f5a000 	/System/Library/PrivateFrameworks/APFS.framework/Versions/A/APFS
0x00007fff6e6df000 	/usr/lib/libutil.dylib
0x00007fff56e19000 	/System/Library/PrivateFrameworks/AppleSauce.framework/Versions/A/AppleSauce
0x00007fff614c0000 	/System/Library/PrivateFrameworks/LinguisticData.framework/Versions/A/LinguisticData
0x00007fff6d729000 	/usr/lib/libmarisa.dylib
0x00007fff6147a000 	/System/Library/PrivateFrameworks/Lexicon.framework/Versions/A/Lexicon
0x00007fff6c2a4000 	/usr/lib/libChineseTokenizer.dylib
0x00007fff6c9eb000 	/usr/lib/libcmph.dylib
0x00007fff61384000 	/System/Library/PrivateFrameworks/LanguageModeling.framework/Versions/A/LanguageModeling
0x00007fff59bca000 	/System/Library/PrivateFrameworks/CoreEmoji.framework/Versions/A/CoreEmoji
0x00007fff52c44000 	/System/Library/Frameworks/ServiceManagement.framework/Versions/A/ServiceManagement
0x00007fff57664000 	/System/Library/PrivateFrameworks/BackgroundTaskManagement.framework/Versions/A/BackgroundTaskManagement
0x00007fff6e7dc000 	/usr/lib/libxslt.1.dylib
0x00007fff46019000 	/System/Library/Frameworks/Carbon.framework/Versions/A/Frameworks/Ink.framework/Versions/A/Ink
0x00007fff6a57b000 	/System/Library/PrivateFrameworks/TextureIO.framework/Versions/A/TextureIO
0x00007fff6c78e000 	/usr/lib/libate.dylib
0x00007fff5ace1000 	/System/Library/PrivateFrameworks/CrashReporterSupport.framework/Versions/A/CrashReporterSupport
0x00007fff678b7000 	/System/Library/PrivateFrameworks/Sharing.framework/Versions/A/Sharing
0x00007fff610c5000 	/System/Library/PrivateFrameworks/IconServices.framework/Versions/A/IconServices
0x00007fff57294000 	/System/Library/PrivateFrameworks/AuthKit.framework/Versions/A/AuthKit
0x00007fff56c19000 	/System/Library/PrivateFrameworks/Apple80211.framework/Versions/A/Apple80211
0x00007fff5aaf6000 	/System/Library/PrivateFrameworks/CoreUtils.framework/Versions/A/CoreUtils
0x00007fff48684000 	/System/Library/Frameworks/CoreWLAN.framework/Versions/A/CoreWLAN
0x00007fff490c9000 	/System/Library/Frameworks/IOBluetooth.framework/Versions/A/IOBluetooth
0x00007fff65d7b000 	/System/Library/PrivateFrameworks/ProtocolBuffer.framework/Versions/A/ProtocolBuffer
0x00007fff623d2000 	/System/Library/PrivateFrameworks/MobileKeyBag.framework/Versions/A/MobileKeyBag
0x00007fff5a36e000 	/System/Library/PrivateFrameworks/CorePhoneNumbers.framework/Versions/A/CorePhoneNumbers
0x00007fff56d51000 	/System/Library/PrivateFrameworks/AppleIDAuthSupport.framework/Versions/A/AppleIDAuthSupport
0x00007fff61370000 	/System/Library/PrivateFrameworks/KeychainCircle.framework/Versions/A/KeychainCircle
0x00007fff5ac7c000 	/System/Library/PrivateFrameworks/CoreWiFi.framework/Versions/A/CoreWiFi
0x00007fff46564000 	/System/Library/Frameworks/CoreBluetooth.framework/Versions/A/CoreBluetooth
0x00007fff5aecc000 	/System/Library/PrivateFrameworks/DebugSymbols.framework/Versions/A/DebugSymbols
0x00007fff5a8ac000 	/System/Library/PrivateFrameworks/CoreSymbolication.framework/Versions/A/CoreSymbolication
0x00007fff69d6d000 	/System/Library/PrivateFrameworks/Symbolication.framework/Versions/A/Symbolication
0x00007fff56c43000 	/System/Library/PrivateFrameworks/AppleFSCompression.framework/Versions/A/AppleFSCompression
0x00007fff691ba000 	/System/Library/PrivateFrameworks/SpeechRecognitionCore.framework/Versions/A/SpeechRecognitionCore
0x000000010e089000 	/Library/Java/JavaVirtualMachines/jdk1.8.0_191.jdk/Contents/Home/jre/lib/server/libjvm.dylib
0x00007fff6e5ac000 	/usr/lib/libstdc++.6.0.9.dylib
0x000000010f03d000 	/Library/Java/JavaVirtualMachines/jdk1.8.0_191.jdk/Contents/Home/jre/lib/libverify.dylib
0x000000010f04b000 	/Library/Java/JavaVirtualMachines/jdk1.8.0_191.jdk/Contents/Home/jre/lib/libjava.dylib
0x000000010f0cb000 	/Library/Java/JavaVirtualMachines/jdk1.8.0_191.jdk/Contents/Home/jre/lib/libzip.dylib
0x00000001276bb000 	/Library/Java/JavaVirtualMachines/jdk1.8.0_191.jdk/Contents/Home/jre/lib/libmanagement.dylib
0x00000001276c9000 	/Library/Java/JavaVirtualMachines/jdk1.8.0_191.jdk/Contents/Home/jre/lib/libnet.dylib
0x00000001279c6000 	/Library/Java/JavaVirtualMachines/jdk1.8.0_191.jdk/Contents/Home/jre/lib/libnio.dylib
0x0000000127129000 	/Library/Java/JavaVirtualMachines/jdk1.8.0_191.jdk/Contents/Home/jre/lib/libattach.dylib

VM Arguments:
jvm_args: -Dspring.lsp.client-port=45556 -Dserver.port=45556 -Dsts.lsp.client=vscode -Dsts.log.file=/var/folders/d4/rsx8w67d4_d72bqqh4swp4w00000gn/T/vscode-spring-boot-1561118411431.log -Dlogging.file=/var/folders/d4/rsx8w67d4_d72bqqh4swp4w00000gn/T/vscode-spring-boot-1561118411431.log -Dspring.config.location=file:/Users/dantas/.vscode/extensions/pivotal.vscode-spring-boot-1.8.0/language-server/BOOT-INF/classes/application.properties 
java_command: org.springframework.ide.vscode.boot.app.BootLanguagServerBootApp
java_class_path (initial): /Users/dantas/.vscode/extensions/pivotal.vscode-spring-boot-1.8.0/language-server/BOOT-INF/classes:/Users/dantas/.vscode/extensions/pivotal.vscode-spring-boot-1.8.0/language-server/BOOT-INF/lib/org.eclipse.core.runtime-3.15.300.jar:/Users/dantas/.vscode/extensions/pivotal.vscode-spring-boot-1.8.0/language-server/BOOT-INF/lib/commons-gradle-1.8.0-SNAPSHOT.jar:/Users/dantas/.vscode/extensions/pivotal.vscode-spring-boot-1.8.0/language-server/BOOT-INF/lib/xercesImpl-2.12.0.jar:/Users/dantas/.vscode/extensions/pivotal.vscode-spring-boot-1.8.0/language-server/BOOT-INF/lib/gson-2.8.5.jar:/Users/dantas/.vscode/extensions/pivotal.vscode-spring-boot-1.8.0/language-server/BOOT-INF/lib/aether-connector-basic-1.0.2.v20150114.jar:/Users/dantas/.vscode/extensions/pivotal.vscode-spring-boot-1.8.0/language-server/BOOT-INF/lib/java-properties-1.8.0-SNAPSHOT.jar:/Users/dantas/.vscode/extensions/pivotal.vscode-spring-boot-1.8.0/language-server/BOOT-INF/lib/aether-api-1.0.2.v20150114.jar:/Users/dantas/.vscode/extensions/pivotal.vscode-spring-boot-1.8.0/language-server/BOOT-INF/lib/spring-beans-5.2.0.M1.jar:/Users/dantas/.vscode/extensions/pivotal.vscode-spring-boot-1.8.0/language-server/BOOT-INF/lib/plexus-utils-3.0.22.jar:/Users/dantas/.vscode/extensions/pivotal.vscode-spring-boot-1.8.0/language-server/BOOT-INF/lib/guava-19.0.jar:/Users/dantas/.vscode/extensions/pivotal.vscode-spring-boot-1.8.0/language-server/BOOT-INF/lib/ant-1.10.3.jar:/Users/dantas/.vscode/extensions/pivotal.vscode-spring-boot-1.8.0/language-server/BOOT-INF/lib/plexus-interpolation-1.21.jar:/Users/dantas/.vscode/extensions/pivotal.vscode-spring-boot-1.8.0/language-server/BOOT-INF/lib/aether-util-1.0.2.v20150114.jar:/Users/dantas/.vscode/extensions/pivotal.vscode-spring-boot-1.8.0/language-server/BOOT-INF/lib/commons-java-1.8.0-SNAPSHOT.jar:/Users/dantas/.vscode/extensions/pivotal.vscode-spring-boot-1.8.0/language-server/BOOT-INF/lib/maven-model-3.3.9.jar:/Users/dantas/.vscode/extensions/
Launcher Type: SUN_STANDARD

Environment Variables:
PATH=/Library/Frameworks/Python.framework/Versions/3.7/bin:/opt/local/bin:/opt/local/sbin:/usr/local/bin:/usr/bin:/bin:/usr/sbin:/sbin:/usr/local/apache-maven-3.6.0/bin
SHELL=/bin/bash

Signal Handlers:
SIGSEGV: [libjvm.dylib+0x5b5de9], sa_mask[0]=11111111011111110111111111111111, sa_flags=SA_ONSTACK|SA_RESTART|SA_SIGINFO
SIGBUS: [libjvm.dylib+0x5b5de9], sa_mask[0]=11111111011111110111111111111111, sa_flags=SA_RESTART|SA_SIGINFO
SIGFPE: [libjvm.dylib+0x48b6b0], sa_mask[0]=11111111011111110111111111111111, sa_flags=SA_RESTART|SA_SIGINFO
SIGPIPE: [libjvm.dylib+0x48b6b0], sa_mask[0]=11111111011111110111111111111111, sa_flags=SA_RESTART|SA_SIGINFO
SIGXFSZ: [libjvm.dylib+0x48b6b0], sa_mask[0]=11111111011111110111111111111111, sa_flags=SA_RESTART|SA_SIGINFO
SIGILL: [libjvm.dylib+0x48b6b0], sa_mask[0]=11111111011111110111111111111111, sa_flags=SA_RESTART|SA_SIGINFO
SIGUSR1: SIG_DFL, sa_mask[0]=00000000000000000000000000000000, sa_flags=SA_RESTART
SIGUSR2: [libjvm.dylib+0x48b1ce], sa_mask[0]=00000000000000000000000000000000, sa_flags=SA_RESTART|SA_SIGINFO
SIGHUP: [libjvm.dylib+0x489759], sa_mask[0]=11111111011111110111111111111111, sa_flags=SA_RESTART|SA_SIGINFO
SIGINT: [libjvm.dylib+0x489759], sa_mask[0]=11111111011111110111111111111111, sa_flags=SA_RESTART|SA_SIGINFO
SIGTERM: [libjvm.dylib+0x489759], sa_mask[0]=11111111011111110111111111111111, sa_flags=SA_RESTART|SA_SIGINFO
SIGQUIT: [libjvm.dylib+0x489759], sa_mask[0]=11111111011111110111111111111111, sa_flags=SA_RESTART|SA_SIGINFO


---------------  S Y S T E M  ---------------

OS:Bsduname:Darwin 17.7.0 Darwin Kernel Version 17.7.0: Wed Apr 24 21:17:24 PDT 2019; root:xnu-4570.71.45~1/RELEASE_X86_64 x86_64
rlimit: STACK 8192k, CORE 0k, NPROC 709, NOFILE 10240, AS infinity
load average:4.90 3.80 3.97

CPU:total 4 (initial active 4) (2 cores per cpu, 2 threads per core) family 6 model 42 stepping 7, cmov, cx8, fxsr, mmx, sse, sse2, sse3, ssse3, sse4.1, sse4.2, popcnt, avx, aes, clmul, ht, tsc, tscinvbit

Memory: 4k page, physical 8388608k(36228k free)

/proc/meminfo:


vm_info: Java HotSpot(TM) 64-Bit Server VM (25.191-b12) for bsd-amd64 JRE (1.8.0_191-b12), built on Oct  6 2018 08:37:07 by "java_re" with gcc 4.2.1 (Based on Apple Inc. build 5658) (LLVM build 2336.11.00)

time: Fri Jun 21 09:00:19 2019
elapsed time: 7 seconds (0d 0h 0m 7s)

